[0.039s] Invoking command in '/home/airat/ros2_cpp_ws/src/build/mpu6050_cpp_pkg': CMAKE_PREFIX_PATH=/opt/ros/humble:${CMAKE_PREFIX_PATH} /usr/bin/cmake /home/airat/ros2_cpp_ws/src/mpu6050_cpp_pkg -DCMAKE_INSTALL_PREFIX=/home/airat/ros2_cpp_ws/src/install
[1.175s] -- The C compiler identification is GNU 11.4.0
[1.794s] -- The CXX compiler identification is GNU 11.4.0
[1.867s] -- Detecting C compiler ABI info
[2.622s] -- Detecting C compiler ABI info - done
[2.706s] -- Check for working C compiler: /usr/bin/cc - skipped
[2.709s] -- Detecting C compile features
[2.712s] -- Detecting C compile features - done
[2.731s] -- Detecting CXX compiler ABI info
[3.506s] -- Detecting CXX compiler ABI info - done
[3.545s] -- Check for working CXX compiler: /usr/bin/c++ - skipped
[3.549s] -- Detecting CXX compile features
[3.554s] -- Detecting CXX compile features - done
[3.602s] -- Found ament_cmake: 1.3.11 (/opt/ros/humble/share/ament_cmake/cmake)
[7.837s] -- Found Python3: /usr/bin/python3 (found version "3.10.12") found components: Interpreter 
[8.681s] -- Found rclcpp: 16.0.12 (/opt/ros/humble/share/rclcpp/cmake)
[9.106s] -- Found rosidl_generator_c: 3.1.6 (/opt/ros/humble/share/rosidl_generator_c/cmake)
[9.154s] -- Found rosidl_adapter: 3.1.6 (/opt/ros/humble/share/rosidl_adapter/cmake)
[9.258s] -- Found rosidl_generator_cpp: 3.1.6 (/opt/ros/humble/share/rosidl_generator_cpp/cmake)
[9.383s] -- Using all available rosidl_typesupport_c: rosidl_typesupport_fastrtps_c;rosidl_typesupport_introspection_c
[9.518s] -- Using all available rosidl_typesupport_cpp: rosidl_typesupport_fastrtps_cpp;rosidl_typesupport_introspection_cpp
[10.121s] -- Found rmw_implementation_cmake: 6.1.2 (/opt/ros/humble/share/rmw_implementation_cmake/cmake)
[10.182s] -- Found rmw_fastrtps_cpp: 6.2.7 (/opt/ros/humble/share/rmw_fastrtps_cpp/cmake)
[11.461s] -- Found OpenSSL: /usr/lib/aarch64-linux-gnu/libcrypto.so (found version "3.0.2")  
[11.933s] -- Found FastRTPS: /opt/ros/humble/include  
[12.698s] -- Using RMW implementation 'rmw_fastrtps_cpp' as default
[12.878s] -- Looking for pthread.h
[13.789s] -- Looking for pthread.h - found
[13.791s] -- Performing Test CMAKE_HAVE_LIBC_PTHREAD
[14.590s] -- Performing Test CMAKE_HAVE_LIBC_PTHREAD - Success
[14.600s] -- Found Threads: TRUE  
[16.717s] -- Configuring done
[16.917s] -- Generating done
[16.987s] -- Build files have been written to: /home/airat/ros2_cpp_ws/src/build/mpu6050_cpp_pkg
[17.147s] Invoked command in '/home/airat/ros2_cpp_ws/src/build/mpu6050_cpp_pkg' returned '0': CMAKE_PREFIX_PATH=/opt/ros/humble:${CMAKE_PREFIX_PATH} /usr/bin/cmake /home/airat/ros2_cpp_ws/src/mpu6050_cpp_pkg -DCMAKE_INSTALL_PREFIX=/home/airat/ros2_cpp_ws/src/install
[17.150s] Invoking command in '/home/airat/ros2_cpp_ws/src/build/mpu6050_cpp_pkg': CMAKE_PREFIX_PATH=/opt/ros/humble:${CMAKE_PREFIX_PATH} /usr/bin/cmake --build /home/airat/ros2_cpp_ws/src/build/mpu6050_cpp_pkg -- -j4 -l4
[17.754s] [ 25%] [32mBuilding CXX object CMakeFiles/mpu6050_node.dir/src/mpu6050_node.cpp.o[0m
[59.796s] [ 50%] [32m[1mLinking CXX executable mpu6050_node[0m
[61.384s] [ 50%] Built target mpu6050_node
[61.523s] [ 75%] [32mBuilding CXX object CMakeFiles/complementary_filter.dir/src/complementary_filter.cpp.o[0m
[79.640s] [01m[K/home/airat/ros2_cpp_ws/src/mpu6050_cpp_pkg/src/complementary_filter.cpp:[m[K In member function â€˜[01m[Kvoid ComplementaryFilter::raw_cb(std_msgs::msg::Float32MultiArray_<std::allocator<void> >::SharedPtr)[m[Kâ€™:
[79.642s] [01m[K/home/airat/ros2_cpp_ws/src/mpu6050_cpp_pkg/src/complementary_filter.cpp:101:20:[m[K [01;31m[Kerror: [m[Kno matching function for call to â€˜[01m[Kclamp(float&, double, double&)[m[Kâ€™
[79.643s]   101 |     gy = [01;31m[Kstd::clamp(gy, -gyro_clip_, gyro_clip_)[m[K;
[79.644s]       |          [01;31m[K~~~~~~~~~~^~~~~~~~~~~~~~~~~~~~~~~~~~~~~[m[K
[79.648s] In file included from [01m[K/usr/include/c++/11/algorithm:62[m[K,
[79.649s]                  from [01m[K/opt/ros/humble/include/rclcpp/rclcpp/executor.hpp:18[m[K,
[79.650s]                  from [01m[K/opt/ros/humble/include/rclcpp/rclcpp/executors/multi_threaded_executor.hpp:25[m[K,
[79.652s]                  from [01m[K/opt/ros/humble/include/rclcpp/rclcpp/executors.hpp:21[m[K,
[79.654s]                  from [01m[K/opt/ros/humble/include/rclcpp/rclcpp/rclcpp.hpp:155[m[K,
[79.655s]                  from [01m[K/home/airat/ros2_cpp_ws/src/mpu6050_cpp_pkg/src/complementary_filter.cpp:13[m[K:
[79.660s] [01m[K/usr/include/c++/11/bits/stl_algo.h:3656:5:[m[K [01;36m[Knote: [m[Kcandidate: â€˜[01m[Ktemplate<class _Tp> constexpr const _Tp& std::clamp(const _Tp&, const _Tp&, const _Tp&)[m[Kâ€™
[79.669s]  3656 |     [01;36m[Kclamp[m[K(const _Tp& __val, const _Tp& __lo, const _Tp& __hi)
[79.672s]       |     [01;36m[K^~~~~[m[K
[79.676s] [01m[K/usr/include/c++/11/bits/stl_algo.h:3656:5:[m[K [01;36m[Knote: [m[K  template argument deduction/substitution failed:
[79.679s] [01m[K/home/airat/ros2_cpp_ws/src/mpu6050_cpp_pkg/src/complementary_filter.cpp:101:20:[m[K [01;36m[Knote: [m[K  deduced conflicting types for parameter â€˜[01m[Kconst _Tp[m[Kâ€™ (â€˜[01m[Kfloat[m[Kâ€™ and â€˜[01m[Kdouble[m[Kâ€™)
[79.681s]   101 |     gy = [01;36m[Kstd::clamp(gy, -gyro_clip_, gyro_clip_)[m[K;
[79.685s]       |          [01;36m[K~~~~~~~~~~^~~~~~~~~~~~~~~~~~~~~~~~~~~~~[m[K
[79.690s] In file included from [01m[K/usr/include/c++/11/algorithm:62[m[K,
[79.695s]                  from [01m[K/opt/ros/humble/include/rclcpp/rclcpp/executor.hpp:18[m[K,
[79.700s]                  from [01m[K/opt/ros/humble/include/rclcpp/rclcpp/executors/multi_threaded_executor.hpp:25[m[K,
[79.703s]                  from [01m[K/opt/ros/humble/include/rclcpp/rclcpp/executors.hpp:21[m[K,
[79.706s]                  from [01m[K/opt/ros/humble/include/rclcpp/rclcpp/rclcpp.hpp:155[m[K,
[79.708s]                  from [01m[K/home/airat/ros2_cpp_ws/src/mpu6050_cpp_pkg/src/complementary_filter.cpp:13[m[K:
[79.710s] [01m[K/usr/include/c++/11/bits/stl_algo.h:3674:5:[m[K [01;36m[Knote: [m[Kcandidate: â€˜[01m[Ktemplate<class _Tp, class _Compare> constexpr const _Tp& std::clamp(const _Tp&, const _Tp&, const _Tp&, _Compare)[m[Kâ€™
[79.712s]  3674 |     [01;36m[Kclamp[m[K(const _Tp& __val, const _Tp& __lo, const _Tp& __hi, _Compare __comp)
[79.715s]       |     [01;36m[K^~~~~[m[K
[79.717s] [01m[K/usr/include/c++/11/bits/stl_algo.h:3674:5:[m[K [01;36m[Knote: [m[K  template argument deduction/substitution failed:
[79.719s] [01m[K/home/airat/ros2_cpp_ws/src/mpu6050_cpp_pkg/src/complementary_filter.cpp:101:20:[m[K [01;36m[Knote: [m[K  deduced conflicting types for parameter â€˜[01m[Kconst _Tp[m[Kâ€™ (â€˜[01m[Kfloat[m[Kâ€™ and â€˜[01m[Kdouble[m[Kâ€™)
[79.721s]   101 |     gy = [01;36m[Kstd::clamp(gy, -gyro_clip_, gyro_clip_)[m[K;
[79.722s]       |          [01;36m[K~~~~~~~~~~^~~~~~~~~~~~~~~~~~~~~~~~~~~~~[m[K
[79.725s] [01m[K/home/airat/ros2_cpp_ws/src/mpu6050_cpp_pkg/src/complementary_filter.cpp:102:20:[m[K [01;31m[Kerror: [m[Kno matching function for call to â€˜[01m[Kclamp(float&, double, double&)[m[Kâ€™
[79.727s]   102 |     gz = [01;31m[Kstd::clamp(gz, -gyro_clip_, gyro_clip_)[m[K;
[79.729s]       |          [01;31m[K~~~~~~~~~~^~~~~~~~~~~~~~~~~~~~~~~~~~~~~[m[K
[79.731s] In file included from [01m[K/usr/include/c++/11/algorithm:62[m[K,
[79.734s]                  from [01m[K/opt/ros/humble/include/rclcpp/rclcpp/executor.hpp:18[m[K,
[79.738s]                  from [01m[K/opt/ros/humble/include/rclcpp/rclcpp/executors/multi_threaded_executor.hpp:25[m[K,
[79.743s]                  from [01m[K/opt/ros/humble/include/rclcpp/rclcpp/executors.hpp:21[m[K,
[79.746s]                  from [01m[K/opt/ros/humble/include/rclcpp/rclcpp/rclcpp.hpp:155[m[K,
[79.748s]                  from [01m[K/home/airat/ros2_cpp_ws/src/mpu6050_cpp_pkg/src/complementary_filter.cpp:13[m[K:
[79.750s] [01m[K/usr/include/c++/11/bits/stl_algo.h:3656:5:[m[K [01;36m[Knote: [m[Kcandidate: â€˜[01m[Ktemplate<class _Tp> constexpr const _Tp& std::clamp(const _Tp&, const _Tp&, const _Tp&)[m[Kâ€™
[79.752s]  3656 |     [01;36m[Kclamp[m[K(const _Tp& __val, const _Tp& __lo, const _Tp& __hi)
[79.755s]       |     [01;36m[K^~~~~[m[K
[79.761s] [01m[K/usr/include/c++/11/bits/stl_algo.h:3656:5:[m[K [01;36m[Knote: [m[K  template argument deduction/substitution failed:
[79.762s] [01m[K/home/airat/ros2_cpp_ws/src/mpu6050_cpp_pkg/src/complementary_filter.cpp:102:20:[m[K [01;36m[Knote: [m[K  deduced conflicting types for parameter â€˜[01m[Kconst _Tp[m[Kâ€™ (â€˜[01m[Kfloat[m[Kâ€™ and â€˜[01m[Kdouble[m[Kâ€™)
[79.762s]   102 |     gz = [01;36m[Kstd::clamp(gz, -gyro_clip_, gyro_clip_)[m[K;
[79.763s]       |          [01;36m[K~~~~~~~~~~^~~~~~~~~~~~~~~~~~~~~~~~~~~~~[m[K
[79.764s] In file included from [01m[K/usr/include/c++/11/algorithm:62[m[K,
[79.764s]                  from [01m[K/opt/ros/humble/include/rclcpp/rclcpp/executor.hpp:18[m[K,
[79.765s]                  from [01m[K/opt/ros/humble/include/rclcpp/rclcpp/executors/multi_threaded_executor.hpp:25[m[K,
[79.773s]                  from [01m[K/opt/ros/humble/include/rclcpp/rclcpp/executors.hpp:21[m[K,
[79.774s]                  from [01m[K/opt/ros/humble/include/rclcpp/rclcpp/rclcpp.hpp:155[m[K,
[79.774s]                  from [01m[K/home/airat/ros2_cpp_ws/src/mpu6050_cpp_pkg/src/complementary_filter.cpp:13[m[K:
[79.775s] [01m[K/usr/include/c++/11/bits/stl_algo.h:3674:5:[m[K [01;36m[Knote: [m[Kcandidate: â€˜[01m[Ktemplate<class _Tp, class _Compare> constexpr const _Tp& std::clamp(const _Tp&, const _Tp&, const _Tp&, _Compare)[m[Kâ€™
[79.776s]  3674 |     [01;36m[Kclamp[m[K(const _Tp& __val, const _Tp& __lo, const _Tp& __hi, _Compare __comp)
[79.777s]       |     [01;36m[K^~~~~[m[K
[79.777s] [01m[K/usr/include/c++/11/bits/stl_algo.h:3674:5:[m[K [01;36m[Knote: [m[K  template argument deduction/substitution failed:
[79.784s] [01m[K/home/airat/ros2_cpp_ws/src/mpu6050_cpp_pkg/src/complementary_filter.cpp:102:20:[m[K [01;36m[Knote: [m[K  deduced conflicting types for parameter â€˜[01m[Kconst _Tp[m[Kâ€™ (â€˜[01m[Kfloat[m[Kâ€™ and â€˜[01m[Kdouble[m[Kâ€™)
[79.785s]   102 |     gz = [01;36m[Kstd::clamp(gz, -gyro_clip_, gyro_clip_)[m[K;
[79.785s]       |          [01;36m[K~~~~~~~~~~^~~~~~~~~~~~~~~~~~~~~~~~~~~~~[m[K
[96.908s] gmake[2]: *** [CMakeFiles/complementary_filter.dir/build.make:76: CMakeFiles/complementary_filter.dir/src/complementary_filter.cpp.o] Error 1
[96.909s] gmake[1]: *** [CMakeFiles/Makefile2:165: CMakeFiles/complementary_filter.dir/all] Error 2
[96.910s] gmake: *** [Makefile:146: all] Error 2
[96.934s] Invoked command in '/home/airat/ros2_cpp_ws/src/build/mpu6050_cpp_pkg' returned '2': CMAKE_PREFIX_PATH=/opt/ros/humble:${CMAKE_PREFIX_PATH} /usr/bin/cmake --build /home/airat/ros2_cpp_ws/src/build/mpu6050_cpp_pkg -- -j4 -l4
